<?xml version="1.0" encoding="UTF-8"?>
<!-- Generated by org.testng.reporters.JUnitReportReporter -->
<testsuite hostname="DESKTOP-DR1804F" name="Testcases.fbSignUpTC" tests="1" failures="0" timestamp="14 Jun 2017 22:35:27 GMT" time="3.550" errors="0">
  <testcase name="signUp" time="3.550" classname="Testcases.fbSignUpTC"/>
</testsuite> <!-- Testcases.fbSignUpTC -->
