<?xml version="1.0" encoding="UTF-8"?>
<!-- Generated by org.testng.reporters.JUnitReportReporter -->
<testsuite hostname="DESKTOP-DR1804F" name="Testcases.fbSignUpTC" tests="1" failures="0" timestamp="19 Jun 2017 17:38:30 GMT" time="5.456" errors="0">
  <testcase name="signUp" time="5.456" classname="Testcases.fbSignUpTC"/>
</testsuite> <!-- Testcases.fbSignUpTC -->
