<?xml version="1.0" encoding="UTF-8"?>
<!-- Generated by org.testng.reporters.JUnitReportReporter -->
<testsuite hostname="DESKTOP-DR1804F" name="Testcases.fbSignUpTC" tests="1" failures="0" timestamp="24 Jun 2017 16:50:49 GMT" time="4.789" errors="0">
  <testcase name="signUp" time="4.789" classname="Testcases.fbSignUpTC"/>
</testsuite> <!-- Testcases.fbSignUpTC -->
